<?xml version="1.0" encoding="UTF-8"?>
<!-- Generated by org.testng.reporters.JUnitXMLReporter -->
<testsuite ignored="0" hostname="LAPTOP-6P3KT7T9" failures="4" tests="4" name="Test" time="2.293" errors="0" timestamp="2024-10-19T20:11:44 IST">
  <testcase classname="testSuite.LoginPageTests" name="testCase01" time="0.209">
    <failure type="java.lang.IllegalArgumentException" message="wrong number of arguments">
      <![CDATA[java.lang.IllegalArgumentException: wrong number of arguments
at utils.FrameworkUtils.performMethod(FrameworkUtils.java:97)
at testSuite.LoginPageTests.testCase01(LoginPageTests.java:11)
at java.base/java.util.ArrayList.forEach(ArrayList.java:1511)
... Removed 31 stack frames]]>
    </failure>
  </testcase> <!-- testCase01 -->
  <testcase classname="testSuite.LoginPageTests" name="testCase02" time="0.159">
    <failure type="java.lang.IllegalArgumentException" message="wrong number of arguments">
      <![CDATA[java.lang.IllegalArgumentException: wrong number of arguments
at utils.FrameworkUtils.performMethod(FrameworkUtils.java:97)
at testSuite.LoginPageTests.testCase02(LoginPageTests.java:15)
at java.base/java.util.ArrayList.forEach(ArrayList.java:1511)
... Removed 31 stack frames]]>
    </failure>
  </testcase> <!-- testCase02 -->
  <testcase classname="testSuite.LoginPageTests" name="testCase03" time="0.134">
    <failure type="java.lang.IllegalArgumentException" message="wrong number of arguments">
      <![CDATA[java.lang.IllegalArgumentException: wrong number of arguments
at utils.FrameworkUtils.performMethod(FrameworkUtils.java:97)
at testSuite.LoginPageTests.testCase03(LoginPageTests.java:19)
at java.base/java.util.ArrayList.forEach(ArrayList.java:1511)
... Removed 31 stack frames]]>
    </failure>
  </testcase> <!-- testCase03 -->
  <testcase classname="testSuite.LoginPageTests" name="testCase04" time="0.149">
    <failure type="java.lang.IllegalArgumentException" message="wrong number of arguments">
      <![CDATA[java.lang.IllegalArgumentException: wrong number of arguments
at utils.FrameworkUtils.performMethod(FrameworkUtils.java:97)
at testSuite.LoginPageTests.testCase04(LoginPageTests.java:23)
at java.base/java.util.ArrayList.forEach(ArrayList.java:1511)
... Removed 31 stack frames]]>
    </failure>
  </testcase> <!-- testCase04 -->
</testsuite> <!-- Test -->
